# JRE version: OpenJDK Runtime Environment Temurin-17.0.7+7 (17.0.7+7) (build 17.0.7+7)
# Java VM: OpenJDK 64-Bit Server VM Temurin-17.0.7+7 (17.0.7+7, mixed mode, sharing, tiered, compressed oops, compressed class ptrs, g1 gc, windows-amd64)
GC Precious Log:
 CPUs: 8 total, 8 available
 Memory: 16194M
 Large Page Support: Disabled
 NUMA Support: Disabled
 Compressed Oops: Enabled (Zero based)
 Heap Region Size: 2M
 Heap Min Capacity: 512M
 Heap Initial Capacity: 512M
 Heap Max Capacity: 4072M
 Pre-touch: Disabled
 Parallel Workers: 8
 Concurrent Workers: 2
 Concurrent Refinement Workers: 8
 Periodic GC: Disabled
 String Deduplication is enabled
Heap:
 garbage-first heap   total 524288K, used 98481K [0x0000000701800000, 0x0000000800000000)
  region size 2048K, 3 young (6144K), 0 survivors (0K)
 Metaspace       used 89348K, committed 90048K, reserved 1179648K
  class space    used 12000K, committed 12352K, reserved 1048576K
GC Heap History (20 events):
Event: 2186.179 GC heap before
{Heap before GC invocations=252 (full 121):
 garbage-first heap   total 524288K, used 121255K [0x0000000701800000, 0x0000000800000000)
  region size 2048K, 8 young (16384K), 0 survivors (0K)
 Metaspace       used 89299K, committed 90048K, reserved 1179648K
  class space    used 11999K, committed 12352K, reserved 1048576K
}
Event: 2186.285 GC heap after
{Heap after GC invocations=253 (full 122):
 garbage-first heap   total 524288K, used 94612K [0x0000000701800000, 0x0000000800000000)
  region size 2048K, 0 young (0K), 0 survivors (0K)
 Metaspace       used 89299K, committed 90048K, reserved 1179648K
  class space    used 11999K, committed 12352K, reserved 1048576K
}
Event: 2213.869 GC heap before
{Heap before GC invocations=253 (full 122):
 garbage-first heap   total 524288K, used 162196K [0x0000000701800000, 0x0000000800000000)
  region size 2048K, 34 young (69632K), 0 survivors (0K)
 Metaspace       used 89308K, committed 90048K, reserved 1179648K
  class space    used 11999K, committed 12352K, reserved 1048576K
}
Event: 2213.872 GC heap after
{Heap after GC invocations=254 (full 122):
 garbage-first heap   total 524288K, used 95437K [0x0000000701800000, 0x0000000800000000)
  region size 2048K, 1 young (2048K), 1 survivors (2048K)
 Metaspace       used 89308K, committed 90048K, reserved 1179648K
  class space    used 11999K, committed 12352K, reserved 1048576K
}
Event: 2215.123 GC heap before
{Heap before GC invocations=254 (full 122):
 garbage-first heap   total 524288K, used 109773K [0x0000000701800000, 0x0000000800000000)
  region size 2048K, 9 young (18432K), 1 survivors (2048K)
 Metaspace       used 89308K, committed 90048K, reserved 1179648K
  class space    used 11999K, committed 12352K, reserved 1048576K
}
Event: 2215.133 GC heap after
{Heap after GC invocations=255 (full 122):
 garbage-first heap   total 524288K, used 95425K [0x0000000701800000, 0x0000000800000000)
  region size 2048K, 1 young (2048K), 1 survivors (2048K)
 Metaspace       used 89308K, committed 90048K, reserved 1179648K
  class space    used 11999K, committed 12352K, reserved 1048576K
}
Event: 2232.754 GC heap before
{Heap before GC invocations=255 (full 122):
 garbage-first heap   total 524288K, used 167105K [0x0000000701800000, 0x0000000800000000)
  region size 2048K, 37 young (75776K), 1 survivors (2048K)
 Metaspace       used 89310K, committed 90048K, reserved 1179648K
  class space    used 11999K, committed 12352K, reserved 1048576K
}
Event: 2232.764 GC heap after
{Heap after GC invocations=256 (full 122):
 garbage-first heap   total 524288K, used 95490K [0x0000000701800000, 0x0000000800000000)
  region size 2048K, 1 young (2048K), 1 survivors (2048K)
 Metaspace       used 89310K, committed 90048K, reserved 1179648K
  class space    used 11999K, committed 12352K, reserved 1048576K
}
Event: 2256.335 GC heap before
{Heap before GC invocations=256 (full 122):
 garbage-first heap   total 524288K, used 175362K [0x0000000701800000, 0x0000000800000000)
  region size 2048K, 40 young (81920K), 1 survivors (2048K)
 Metaspace       used 89329K, committed 90048K, reserved 1179648K
  class space    used 11999K, committed 12352K, reserved 1048576K
}
Event: 2256.337 GC heap after
{Heap after GC invocations=257 (full 122):
 garbage-first heap   total 524288K, used 95511K [0x0000000701800000, 0x0000000800000000)
  region size 2048K, 1 young (2048K), 1 survivors (2048K)
 Metaspace       used 89329K, committed 90048K, reserved 1179648K
  class space    used 11999K, committed 12352K, reserved 1048576K
}
Event: 2256.354 GC heap before
{Heap before GC invocations=257 (full 122):
 garbage-first heap   total 524288K, used 95511K [0x0000000701800000, 0x0000000800000000)
  region size 2048K, 2 young (4096K), 1 survivors (2048K)
 Metaspace       used 89329K, committed 90048K, reserved 1179648K
  class space    used 11999K, committed 12352K, reserved 1048576K
}
Event: 2256.473 GC heap after
{Heap after GC invocations=258 (full 123):
 garbage-first heap   total 524288K, used 94381K [0x0000000701800000, 0x0000000800000000)
  region size 2048K, 0 young (0K), 0 survivors (0K)
 Metaspace       used 89329K, committed 90048K, reserved 1179648K
  class space    used 11999K, committed 12352K, reserved 1048576K
}
Event: 2259.966 GC heap before
{Heap before GC invocations=258 (full 123):
 garbage-first heap   total 524288K, used 123053K [0x0000000701800000, 0x0000000800000000)
  region size 2048K, 15 young (30720K), 0 survivors (0K)
 Metaspace       used 89335K, committed 90048K, reserved 1179648K
  class space    used 12000K, committed 12352K, reserved 1048576K
}
Event: 2259.975 GC heap after
{Heap after GC invocations=259 (full 123):
 garbage-first heap   total 524288K, used 95032K [0x0000000701800000, 0x0000000800000000)
  region size 2048K, 1 young (2048K), 1 survivors (2048K)
 Metaspace       used 89335K, committed 90048K, reserved 1179648K
  class space    used 12000K, committed 12352K, reserved 1048576K
}
Event: 2286.898 GC heap before
{Heap before GC invocations=259 (full 123):
 garbage-first heap   total 524288K, used 172856K [0x0000000701800000, 0x0000000800000000)
  region size 2048K, 40 young (81920K), 1 survivors (2048K)
 Metaspace       used 89341K, committed 90048K, reserved 1179648K
  class space    used 12000K, committed 12352K, reserved 1048576K
}
Event: 2287.031 GC heap after
{Heap after GC invocations=260 (full 124):
 garbage-first heap   total 524288K, used 94704K [0x0000000701800000, 0x0000000800000000)
  region size 2048K, 0 young (0K), 0 survivors (0K)
 Metaspace       used 89341K, committed 90048K, reserved 1179648K
  class space    used 12000K, committed 12352K, reserved 1048576K
}
Event: 2302.662 GC heap before
{Heap before GC invocations=260 (full 124):
 garbage-first heap   total 524288K, used 176624K [0x0000000701800000, 0x0000000800000000)
  region size 2048K, 40 young (81920K), 0 survivors (0K)
 Metaspace       used 89346K, committed 90048K, reserved 1179648K
  class space    used 12000K, committed 12352K, reserved 1048576K
}
Event: 2302.665 GC heap after
{Heap after GC invocations=261 (full 124):
 garbage-first heap   total 524288K, used 95591K [0x0000000701800000, 0x0000000800000000)
  region size 2048K, 1 young (2048K), 1 survivors (2048K)
 Metaspace       used 89346K, committed 90048K, reserved 1179648K
  class space    used 12000K, committed 12352K, reserved 1048576K
}
Event: 2303.327 GC heap before
{Heap before GC invocations=261 (full 124):
 garbage-first heap   total 524288K, used 97639K [0x0000000701800000, 0x0000000800000000)
  region size 2048K, 3 young (6144K), 1 survivors (2048K)
 Metaspace       used 89348K, committed 90048K, reserved 1179648K
  class space    used 12000K, committed 12352K, reserved 1048576K
}
Event: 2303.446 GC heap after
{Heap after GC invocations=262 (full 125):
 garbage-first heap   total 524288K, used 94385K [0x0000000701800000, 0x0000000800000000)
  region size 2048K, 0 young (0K), 0 survivors (0K)
 Metaspace       used 89348K, committed 90048K, reserved 1179648K
  class space    used 12000K, committed 12352K, reserved 1048576K
}

